# JRE version: OpenJDK Runtime Environment Temurin-21.0.3+9 (21.0.3+9) (build 21.0.3+9-LTS)
# Java VM: OpenJDK 64-Bit Server VM Temurin-21.0.3+9 (21.0.3+9-LTS, mixed mode, emulated-client, sharing, tiered, compressed oops, compressed class ptrs, g1 gc, windows-amd64)
GC Precious Log:
 CardTable entry size: 512
 Card Set container configuration: InlinePtr #cards 5 size 8 Array Of Cards #cards 12 size 40 Howl #buckets 4 coarsen threshold 1843 Howl Bitmap #cards 512 size 80 coarsen threshold 460 Card regions per heap region 1 cards per card region 2048
 CPUs: 8 total, 8 available
 Memory: 7942M
 Large Page Support: Disabled
 NUMA Support: Disabled
 Compressed Oops: Enabled (32-bit)
 Heap Region Size: 1M
 Heap Min Capacity: 8M
 Heap Initial Capacity: 126M
 Heap Max Capacity: 1986M
 Pre-touch: Disabled
 Parallel Workers: 8
 Concurrent Workers: 2
 Concurrent Refinement Workers: 8
 Periodic GC: Disabled
Heap:
 garbage-first heap   total 51200K, used 40719K [0x0000000083e00000, 0x0000000100000000)
  region size 1024K, 25 young (25600K), 3 survivors (3072K)
 Metaspace       used 36947K, committed 37568K, reserved 1114112K
  class space    used 4852K, committed 5120K, reserved 1048576K
GC Heap History (20 events):
Event: 1021.370 GC heap before
{Heap before GC invocations=30 (full 8):
 garbage-first heap   total 51200K, used 30441K [0x0000000083e00000, 0x0000000100000000)
  region size 1024K, 15 young (15360K), 3 survivors (3072K)
 Metaspace       used 36780K, committed 37440K, reserved 1114112K
  class space    used 4827K, committed 5120K, reserved 1048576K
}
Event: 1021.396 GC heap after
{Heap after GC invocations=31 (full 9):
 garbage-first heap   total 51200K, used 15201K [0x0000000083e00000, 0x0000000100000000)
  region size 1024K, 0 young (0K), 0 survivors (0K)
 Metaspace       used 36678K, committed 37440K, reserved 1114112K
  class space    used 4801K, committed 5120K, reserved 1048576K
}
Event: 1021.780 GC heap before
{Heap before GC invocations=31 (full 9):
 garbage-first heap   total 51200K, used 40801K [0x0000000083e00000, 0x0000000100000000)
  region size 1024K, 26 young (26624K), 0 survivors (0K)
 Metaspace       used 36710K, committed 37440K, reserved 1114112K
  class space    used 4806K, committed 5120K, reserved 1048576K
}
Event: 1021.782 GC heap after
{Heap after GC invocations=32 (full 9):
 garbage-first heap   total 51200K, used 17900K [0x0000000083e00000, 0x0000000100000000)
  region size 1024K, 3 young (3072K), 3 survivors (3072K)
 Metaspace       used 36710K, committed 37440K, reserved 1114112K
  class space    used 4806K, committed 5120K, reserved 1048576K
}
Event: 1327.279 GC heap before
{Heap before GC invocations=32 (full 9):
 garbage-first heap   total 51200K, used 42476K [0x0000000083e00000, 0x0000000100000000)
  region size 1024K, 27 young (27648K), 3 survivors (3072K)
 Metaspace       used 36813K, committed 37440K, reserved 1114112K
  class space    used 4825K, committed 5120K, reserved 1048576K
}
Event: 1327.282 GC heap after
{Heap after GC invocations=33 (full 9):
 garbage-first heap   total 51200K, used 19196K [0x0000000083e00000, 0x0000000100000000)
  region size 1024K, 2 young (2048K), 2 survivors (2048K)
 Metaspace       used 36813K, committed 37440K, reserved 1114112K
  class space    used 4825K, committed 5120K, reserved 1048576K
}
Event: 1462.751 GC heap before
{Heap before GC invocations=33 (full 9):
 garbage-first heap   total 51200K, used 26364K [0x0000000083e00000, 0x0000000100000000)
  region size 1024K, 10 young (10240K), 2 survivors (2048K)
 Metaspace       used 36820K, committed 37440K, reserved 1114112K
  class space    used 4826K, committed 5120K, reserved 1048576K
}
Event: 1462.782 GC heap after
{Heap after GC invocations=34 (full 10):
 garbage-first heap   total 51200K, used 14925K [0x0000000083e00000, 0x0000000100000000)
  region size 1024K, 0 young (0K), 0 survivors (0K)
 Metaspace       used 36721K, committed 37440K, reserved 1114112K
  class space    used 4804K, committed 5120K, reserved 1048576K
}
Event: 1463.116 GC heap before
{Heap before GC invocations=34 (full 10):
 garbage-first heap   total 51200K, used 40525K [0x0000000083e00000, 0x0000000100000000)
  region size 1024K, 26 young (26624K), 0 survivors (0K)
 Metaspace       used 36866K, committed 37440K, reserved 1114112K
  class space    used 4838K, committed 5120K, reserved 1048576K
}
Event: 1463.118 GC heap after
{Heap after GC invocations=35 (full 10):
 garbage-first heap   total 51200K, used 17997K [0x0000000083e00000, 0x0000000100000000)
  region size 1024K, 3 young (3072K), 3 survivors (3072K)
 Metaspace       used 36866K, committed 37440K, reserved 1114112K
  class space    used 4838K, committed 5120K, reserved 1048576K
}
Event: 1747.441 GC heap before
{Heap before GC invocations=35 (full 10):
 garbage-first heap   total 51200K, used 41549K [0x0000000083e00000, 0x0000000100000000)
  region size 1024K, 27 young (27648K), 3 survivors (3072K)
 Metaspace       used 36923K, committed 37504K, reserved 1114112K
  class space    used 4852K, committed 5120K, reserved 1048576K
}
Event: 1747.445 GC heap after
{Heap after GC invocations=36 (full 10):
 garbage-first heap   total 51200K, used 20535K [0x0000000083e00000, 0x0000000100000000)
  region size 1024K, 3 young (3072K), 3 survivors (3072K)
 Metaspace       used 36923K, committed 37504K, reserved 1114112K
  class space    used 4852K, committed 5120K, reserved 1048576K
}
Event: 1873.286 GC heap before
{Heap before GC invocations=36 (full 10):
 garbage-first heap   total 51200K, used 27703K [0x0000000083e00000, 0x0000000100000000)
  region size 1024K, 11 young (11264K), 3 survivors (3072K)
 Metaspace       used 36928K, committed 37568K, reserved 1114112K
  class space    used 4852K, committed 5120K, reserved 1048576K
}
Event: 1873.318 GC heap after
{Heap after GC invocations=37 (full 11):
 garbage-first heap   total 51200K, used 14979K [0x0000000083e00000, 0x0000000100000000)
  region size 1024K, 0 young (0K), 0 survivors (0K)
 Metaspace       used 36777K, committed 37568K, reserved 1114112K
  class space    used 4813K, committed 5120K, reserved 1048576K
}
Event: 1873.853 GC heap before
{Heap before GC invocations=37 (full 11):
 garbage-first heap   total 51200K, used 39555K [0x0000000083e00000, 0x0000000100000000)
  region size 1024K, 24 young (24576K), 0 survivors (0K)
 Metaspace       used 36891K, committed 37568K, reserved 1114112K
  class space    used 4840K, committed 5120K, reserved 1048576K
}
Event: 1873.856 GC heap after
{Heap after GC invocations=38 (full 11):
 garbage-first heap   total 51200K, used 17838K [0x0000000083e00000, 0x0000000100000000)
  region size 1024K, 3 young (3072K), 3 survivors (3072K)
 Metaspace       used 36891K, committed 37568K, reserved 1114112K
  class space    used 4840K, committed 5120K, reserved 1048576K
}
Event: 2005.704 GC heap before
{Heap before GC invocations=38 (full 11):
 garbage-first heap   total 51200K, used 36270K [0x0000000083e00000, 0x0000000100000000)
  region size 1024K, 22 young (22528K), 3 survivors (3072K)
 Metaspace       used 36961K, committed 37568K, reserved 1114112K
  class space    used 4858K, committed 5120K, reserved 1048576K
}
Event: 2005.733 GC heap after
{Heap after GC invocations=39 (full 12):
 garbage-first heap   total 51200K, used 16707K [0x0000000083e00000, 0x0000000100000000)
  region size 1024K, 0 young (0K), 0 survivors (0K)
 Metaspace       used 36902K, committed 37568K, reserved 1114112K
  class space    used 4844K, committed 5120K, reserved 1048576K
}
Event: 2005.989 GC heap before
{Heap before GC invocations=39 (full 12):
 garbage-first heap   total 51200K, used 41283K [0x0000000083e00000, 0x0000000100000000)
  region size 1024K, 24 young (24576K), 0 survivors (0K)
 Metaspace       used 36935K, committed 37568K, reserved 1114112K
  class space    used 4850K, committed 5120K, reserved 1048576K
}
Event: 2005.991 GC heap after
{Heap after GC invocations=40 (full 12):
 garbage-first heap   total 51200K, used 19215K [0x0000000083e00000, 0x0000000100000000)
  region size 1024K, 3 young (3072K), 3 survivors (3072K)
 Metaspace       used 36935K, committed 37568K, reserved 1114112K
  class space    used 4850K, committed 5120K, reserved 1048576K
}

